2018-10-285 17:21:06-- DEBUG [main] - 1111
2018-10-285 17:21:06--  INFO [main] - 1111
2018-10-285 17:21:06--  WARN [main] - 1111
2018-10-285 17:21:06-- ERROR [main] - ssss
2018-10-285 17:33:30--  INFO [http-nio-8082-exec-2] - 需要重新登录
2018-10-285 17:33:54--  INFO [http-nio-8082-exec-3] - 获取到登录信息: 5
2018-10-285 17:33:57--  INFO [http-nio-8082-exec-5] - 获取到登录信息: 5
2018-10-285 17:33:57--  INFO [http-nio-8082-exec-8] - 获取到登录信息: 5
2018-10-288 10:22:51--  INFO [http-nio-8082-exec-1] - 需要重新登录
2018-10-288 10:23:02--  INFO [http-nio-8082-exec-5] - 获取到登录信息: 5
2018-10-288 10:23:03--  INFO [http-nio-8082-exec-7] - 退出登录：73c46cdecaf4487dbe085bdb138df7b7
2018-10-288 10:23:05--  INFO [http-nio-8082-exec-9] - 获取到登录信息: 5
2018-10-288 10:42:46--  INFO [http-nio-8082-exec-3] - 获取到登录信息: 5
2018-10-288 11:30:23--  INFO [http-nio-8082-exec-5] - 需要重新登录
2018-10-288 11:33:11--  INFO [http-nio-8082-exec-7] - 退出登录：a2bb787704eb43869cc023f6abe055c4
2018-10-288 11:33:13--  INFO [http-nio-8082-exec-8] - 需要重新登录
2018-10-288 11:33:17--  INFO [http-nio-8082-exec-1] - 获取到登录信息: 5
2018-10-288 11:53:19--  INFO [http-nio-8082-exec-2] - 获取到登录信息: 5
2018-10-288 11:55:59--  INFO [http-nio-8082-exec-3] - 获取到登录信息: 5
2018-10-288 11:56:02--  INFO [http-nio-8082-exec-5] - 获取到登录信息: 5
2018-10-288 11:56:07--  INFO [http-nio-8082-exec-7] - 获取到登录信息: 5
2018-10-288 11:58:52--  INFO [http-nio-8082-exec-5] - 获取到登录信息: 5
2018-10-288 11:58:55--  INFO [http-nio-8082-exec-8] - 获取到登录信息: 5
2018-10-288 11:58:58--  INFO [http-nio-8082-exec-2] - 获取到登录信息: 5
2018-10-288 12:10:27--  INFO [http-nio-8082-exec-3] - 获取到登录信息: 5
2018-10-288 12:10:30--  INFO [http-nio-8082-exec-5] - 获取到登录信息: 5
2018-10-288 12:10:45--  INFO [http-nio-8082-exec-8] - 获取到登录信息: 5
2018-10-288 12:12:52--  INFO [http-nio-8082-exec-10] - 获取到登录信息: 5
2018-10-288 16:57:41--  INFO [http-nio-8082-exec-8] - 获取到登录信息: 5
2018-10-288 19:00:38--  INFO [http-nio-8082-exec-10] - 获取到登录信息: 5
2018-10-288 19:01:37--  INFO [http-nio-8082-exec-1] - 获取到登录信息: 5
2018-10-288 20:12:49--  INFO [http-nio-8082-exec-4] - 退出登录：f5746faccb64496a8d6ae756a2aa489a
2018-10-288 20:13:21--  INFO [http-nio-8082-exec-7] - 获取到登录信息: 6
2018-10-288 20:15:04--  INFO [http-nio-8082-exec-9] - 获取到登录信息: 6
2018-10-288 20:15:34--  INFO [http-nio-8082-exec-1] - 获取到登录信息: 6
2018-10-288 20:27:25--  INFO [http-nio-8082-exec-8] - 获取到登录信息: 6
2018-10-288 20:29:10--  INFO [http-nio-8082-exec-3] - 获取到登录信息: 6
2018-10-288 20:43:41--  INFO [http-nio-8082-exec-2] - 获取到登录信息: 6
2018-10-288 20:51:31--  INFO [http-nio-8082-exec-1] - getRoleByStick:e5b88b0183bd4f8c856dd419cca24b95
2018-10-288 20:51:41--  INFO [http-nio-8082-exec-2] - 获取到登录信息: 6
2018-10-288 20:51:42--  INFO [http-nio-8082-exec-4] - 退出登录：e5b88b0183bd4f8c856dd419cca24b95
2018-10-288 20:51:46--  INFO [http-nio-8082-exec-6] - 获取到登录信息: 5
2018-10-288 20:51:55--  INFO [http-nio-8082-exec-8] - getRoleByStick:55905138428546e4ac4a2a6bca17e3a9
2018-10-288 20:52:01--  INFO [http-nio-8082-exec-9] - getRoleByStick:55905138428546e4ac4a2a6bca17e3a9
2018-10-288 20:52:31--  INFO [http-nio-8082-exec-10] - 获取到登录信息: 5
2018-10-288 20:53:19--  INFO [http-nio-8082-exec-2] - 获取到登录信息: 5
2018-10-288 20:53:54--  INFO [http-nio-8082-exec-4] - 获取到登录信息: 5
2018-10-288 20:53:56--  INFO [http-nio-8082-exec-6] - 退出登录：55905138428546e4ac4a2a6bca17e3a9
2018-10-288 20:54:01--  INFO [http-nio-8082-exec-8] - 获取到登录信息: 6
2018-10-288 20:54:18--  INFO [http-nio-8082-exec-10] - 获取到登录信息: 6
2018-10-288 20:54:22--  INFO [http-nio-8082-exec-2] - 获取到登录信息: 6
2018-10-288 20:59:48--  INFO [http-nio-8082-exec-1] - getRoleByStick:5d8e7b0aeda84eb0928c7591c0bf8fc6
2018-10-289 11:26:46--  INFO [http-nio-8082-exec-1] - 获取到登录信息: 6
2018-10-289 11:46:35--  INFO [http-nio-8082-exec-3] - 获取到登录信息: 6
